<?xml version="1.0" encoding="UTF-8"?>
<!-- Generated by org.testng.reporters.JUnitReportReporter -->
<testsuite hostname="DESKTOP-QPSOJBA" failures="0" tests="1" name="MavenDemoTest.Test1.AppTest" time="0.005" errors="0" timestamp="22 Jun 2020 06:35:50 GMT" skipped="0">
  <testcase classname="MavenDemoTest.Test1.AppTest" name="testApp" time="0.005"/>
</testsuite> <!-- MavenDemoTest.Test1.AppTest -->
