<?xml version="1.0" encoding="UTF-8"?>
<!-- Generated by org.testng.reporters.JUnitReportReporter -->
<testsuite hostname="DESKTOP-QPSOJBA" failures="0" tests="1" name="MavenDemoTest.Test1.Utility" time="30.181" errors="0" timestamp="31 May 2020 13:06:25 GMT" skipped="0">
  <testcase classname="MavenDemoTest.Test1.Utility" name="selectDate" time="30.181"/>
</testsuite> <!-- MavenDemoTest.Test1.Utility -->
